#
# A fatal error has been detected by the Java Runtime Environment:
#
#  EXCEPTION_ACCESS_VIOLATION (0xc0000005) at pc=0x00007ffc8e3788a1, pid=10968, tid=6980
#
# JRE version: Java(TM) SE Runtime Environment (8.0_51-b16) (build 1.8.0_51-b16)
# Java VM: Java HotSpot(TM) 64-Bit Server VM (25.51-b03 mixed mode windows-amd64 compressed oops)
# Problematic frame:
# C  [atio6axx.dll+0xb488a1]
#
# Failed to write core dump. Minidumps are not enabled by default on client versions of Windows
#
# If you would like to submit a bug report, please visit:
#   http://bugreport.java.com/bugreport/crash.jsp
# The crash happened outside the Java Virtual Machine in native code.
# See problematic frame for where to report the bug.
#

---------------  T H R E A D  ---------------

Current thread (0x000000000239e800):  JavaThread "Render thread" [_thread_in_native, id=6980, stack(0x0000000002200000,0x0000000002300000)]

siginfo: ExceptionCode=0xc0000005, reading address 0x000000002e672000

Registers:
RAX=0x0000000000000000, RBX=0x0000000000001fff, RCX=0x0000000000000000, RDX=0x0000000000000000
RSP=0x00000000022fd750, RBP=0x00000000022fd850, RSI=0x0000000000000000, RDI=0x000000002e670000
R8 =0x000000000000008f, R9 =0x0000000000000040, R10=0x0000000000000080, R11=0x0000020000010000
R12=0x0000000000000000, R13=0xffffffffffffffff, R14=0x0000000000000000, R15=0x0000000000000000
RIP=0x00007ffc8e3788a1, EFLAGS=0x0000000000010206

Top of Stack: (sp=0x00000000022fd750)
0x00000000022fd750:   000000000000000a 0000000000000000
0x00000000022fd760:   000000002a742af0 0000000002000002
0x00000000022fd770:   0000000000000101 00007ffcf0c07900
0x00000000022fd780:   000000000000054d 0000000000000020
0x00000000022fd790:   0000000006b89ee0 0000000000000001
0x00000000022fd7a0:   0000000000000000 0000000000000000
0x00000000022fd7b0:   0000000000000000 0000000000000000
0x00000000022fd7c0:   0000000000000000 0000000000180000
0x00000000022fd7d0:   000000002a742af0 00000000000003b0
0x00000000022fd7e0:   0000000000000010 0000000000000000
0x00000000022fd7f0:   0000000000480000 0000000000000000
0x00000000022fd800:   0000000000000000 0000000000000010
0x00000000022fd810:   0000000000000000 ffffffffffffffff
0x00000000022fd820:   0000000000000000 00000000022fd8f9
0x00000000022fd830:   000000002a53c0b0 0000000000000001
0x00000000022fd840:   0000000000000010 0000000000000000 

Instructions: (pc=0x00007ffc8e3788a1)
0x00007ffc8e378881:   bd 88 01 00 00 48 89 4c 24 50 48 89 4c 24 58 48
0x00007ffc8e378891:   89 4c 24 60 48 8b 3c c7 48 85 ff 74 2d 49 8b dd
0x00007ffc8e3788a1:   80 7c 1f 01 00 48 8d 5b 01 75 f5 48 8d 53 01 48
0x00007ffc8e3788b1:   8d 4c 24 50 e8 86 71 5a ff 48 8b 4c 24 50 4c 8d 


Register to memory mapping:

RAX=0x0000000000000000 is an unknown value
RBX=0x0000000000001fff is an unknown value
RCX=0x0000000000000000 is an unknown value
RDX=0x0000000000000000 is an unknown value
RSP=0x00000000022fd750 is pointing into the stack for thread: 0x000000000239e800
RBP=0x00000000022fd850 is pointing into the stack for thread: 0x000000000239e800
RSI=0x0000000000000000 is an unknown value
RDI=0x000000002e670000 is an unknown value
R8 =0x000000000000008f is an unknown value
R9 =0x0000000000000040 is an unknown value
R10=0x0000000000000080 is an unknown value
R11=0x0000020000010000 is an unknown value
R12=0x0000000000000000 is an unknown value
R13=0xffffffffffffffff is an unknown value
R14=0x0000000000000000 is an unknown value
R15=0x0000000000000000 is an unknown value


Stack: [0x0000000002200000,0x0000000002300000],  sp=0x00000000022fd750,  free space=1013k
Native frames: (J=compiled Java code, j=interpreted, Vv=VM code, C=native code)
C  [atio6axx.dll+0xb488a1]
C  [atio6axx.dll+0xb4761b]
C  [atio6axx.dll+0xd55797]
C  0x00000000024b5ed4

Java frames: (J=compiled Java code, j=interpreted, Vv=VM code)
j  org.lwjgl.opengl.ARBShaderObjects.nglShaderSourceARB(IIJJ)V+0
j  org.lwjgl.opengl.ARBShaderObjects.glShaderSourceARB(ILjava/lang/CharSequence;)V+38
j  net.optifine.shaders.Shaders.createVertShader(Lnet/optifine/shaders/Program;Ljava/lang/String;)I+356
j  net.optifine.shaders.Shaders.setupProgram(Lnet/optifine/shaders/Program;Ljava/lang/String;Ljava/lang/String;Ljava/lang/String;)V+21
j  net.optifine.shaders.Shaders.init()V+712
j  net.optifine.shaders.Shaders.beginRender(Ldjz;Ldjk;FJ)V+49
j  dzz.a(FJLdfm;)V+53
J 9182 C1 dzz.a(FJZ)V (1147 bytes) @ 0x00000000039b296c [0x00000000039b1160+0x180c]
J 9128 C1 djz.e(Z)V (946 bytes) @ 0x0000000003985e3c [0x00000000039810c0+0x4d7c]
j  djz.e()V+68
j  net.minecraft.client.main.Main.main([Ljava/lang/String;)V+1366
v  ~StubRoutines::call_stub
j  sun.reflect.NativeMethodAccessorImpl.invoke0(Ljava/lang/reflect/Method;Ljava/lang/Object;[Ljava/lang/Object;)Ljava/lang/Object;+0
j  sun.reflect.NativeMethodAccessorImpl.invoke(Ljava/lang/Object;[Ljava/lang/Object;)Ljava/lang/Object;+100
j  sun.reflect.DelegatingMethodAccessorImpl.invoke(Ljava/lang/Object;[Ljava/lang/Object;)Ljava/lang/Object;+6
j  java.lang.reflect.Method.invoke(Ljava/lang/Object;[Ljava/lang/Object;)Ljava/lang/Object;+56
j  net.minecraft.launchwrapper.Launch.launch([Ljava/lang/String;)V+661
j  net.minecraft.launchwrapper.Launch.main([Ljava/lang/String;)V+8
v  ~StubRoutines::call_stub

---------------  P R O C E S S  ---------------

Java Threads: ( => current thread )
  0x0000000020d0c800 JavaThread "HttpPipelineReceiver" daemon [_thread_blocked, id=15340, stack(0x00000000432e0000,0x00000000433e0000)]
  0x0000000020d0a000 JavaThread "HttpPipelineSender" daemon [_thread_blocked, id=6212, stack(0x00000000419b0000,0x0000000041ab0000)]
  0x0000000020d0b000 JavaThread "Worker-Cape-10" daemon [_thread_blocked, id=1148, stack(0x0000000032d40000,0x0000000032e40000)]
  0x0000000020d08000 JavaThread "Worker-Main-9" daemon [_thread_blocked, id=9792, stack(0x0000000030170000,0x0000000030270000)]
  0x0000000020d05000 JavaThread "Sound engine" daemon [_thread_blocked, id=2092, stack(0x000000002dde0000,0x000000002dee0000)]
  0x0000000020d09800 JavaThread "Downloader 0" daemon [_thread_blocked, id=15912, stack(0x000000002d8d0000,0x000000002d9d0000)]
  0x0000000020d08800 JavaThread "Netty Client IO #1" daemon [_thread_in_native, id=13100, stack(0x000000002d5d0000,0x000000002d6d0000)]
  0x0000000020d0b800 JavaThread "Netty Client IO #0" daemon [_thread_in_native, id=12804, stack(0x000000002d4d0000,0x000000002d5d0000)]
  0x0000000020cff800 JavaThread "Netty Client IO #0" daemon [_thread_in_native, id=1332, stack(0x000000002d3d0000,0x000000002d4d0000)]
  0x0000000020d06800 JavaThread "ObjectCleanerThread" daemon [_thread_blocked, id=1128, stack(0x000000002d2d0000,0x000000002d3d0000)]
  0x0000000020d07000 JavaThread "Thread-6" daemon [_thread_in_native, id=14792, stack(0x0000000051580000,0x0000000051680000)]
  0x0000000020cfe000 JavaThread "Server Pinger #3" daemon [_thread_blocked, id=14780, stack(0x0000000050c90000,0x0000000050d90000)]
  0x0000000020d01000 JavaThread "Server Pinger #2" daemon [_thread_blocked, id=14784, stack(0x0000000050b90000,0x0000000050c90000)]
  0x0000000020cff000 JavaThread "Server Pinger #1" daemon [_thread_blocked, id=14608, stack(0x0000000050a90000,0x0000000050b90000)]
  0x0000000020d00800 JavaThread "Server Pinger #0" daemon [_thread_blocked, id=14776, stack(0x00000000508f0000,0x00000000509f0000)]
  0x0000000020d03800 JavaThread "Java2D Disposer" daemon [_thread_blocked, id=5700, stack(0x00000000433e0000,0x00000000434e0000)]
  0x0000000020d02800 JavaThread "pool-3-thread-3" [_thread_blocked, id=3696, stack(0x0000000040ad0000,0x0000000040bd0000)]
  0x0000000020d02000 JavaThread "pool-3-thread-2" [_thread_blocked, id=8228, stack(0x0000000037040000,0x0000000037140000)]
  0x0000000020def800 JavaThread "pool-3-thread-1" [_thread_blocked, id=4772, stack(0x000000002fa40000,0x000000002fb40000)]
  0x0000000020dee800 JavaThread "Narrator" [_thread_blocked, id=1676, stack(0x000000002fc40000,0x000000002fd40000)]
  0x0000000020dee000 JavaThread "Snooper Timer" daemon [_thread_blocked, id=14280, stack(0x0000000020560000,0x0000000020660000)]
  0x0000000020ded000 JavaThread "Timer hack thread" daemon [_thread_blocked, id=9220, stack(0x00000000202a0000,0x00000000203a0000)]
  0x000000001d59a800 JavaThread "Worker-Bootstrap-3" daemon [_thread_blocked, id=16020, stack(0x0000000020460000,0x0000000020560000)]
  0x000000001ecbc000 JavaThread "Worker-Bootstrap-2" daemon [_thread_blocked, id=11932, stack(0x000000001fb80000,0x000000001fc80000)]
  0x000000001f30b000 JavaThread "Worker-Bootstrap-1" daemon [_thread_blocked, id=9232, stack(0x000000001e5c0000,0x000000001e6c0000)]
  0x0000000019c59000 JavaThread "Service Thread" daemon [_thread_blocked, id=8284, stack(0x000000001aee0000,0x000000001afe0000)]
  0x0000000019bdb000 JavaThread "C1 CompilerThread2" daemon [_thread_blocked, id=3556, stack(0x000000001ade0000,0x000000001aee0000)]
  0x0000000019bd9800 JavaThread "C2 CompilerThread1" daemon [_thread_blocked, id=5572, stack(0x000000001ace0000,0x000000001ade0000)]
  0x0000000019b8e800 JavaThread "C2 CompilerThread0" daemon [_thread_blocked, id=11208, stack(0x000000001abe0000,0x000000001ace0000)]
  0x0000000019b89800 JavaThread "Attach Listener" daemon [_thread_blocked, id=16056, stack(0x000000001aae0000,0x000000001abe0000)]
  0x0000000019bd6800 JavaThread "Signal Dispatcher" daemon [_thread_blocked, id=16224, stack(0x000000001a9e0000,0x000000001aae0000)]
  0x0000000019bd5800 JavaThread "Surrogate Locker Thread (Concurrent GC)" daemon [_thread_blocked, id=13324, stack(0x000000001a8e0000,0x000000001a9e0000)]
  0x0000000019b72800 JavaThread "Finalizer" daemon [_thread_blocked, id=4548, stack(0x000000001a7e0000,0x000000001a8e0000)]
  0x0000000019b6c000 JavaThread "Reference Handler" daemon [_thread_blocked, id=7036, stack(0x000000001a6e0000,0x000000001a7e0000)]
=>0x000000000239e800 JavaThread "Render thread" [_thread_in_native, id=6980, stack(0x0000000002200000,0x0000000002300000)]

Other Threads:
  0x0000000019b67000 VMThread [stack: 0x000000001a5e0000,0x000000001a6e0000] [id=10380]
  0x0000000019c6e800 WatcherThread [stack: 0x000000001afe0000,0x000000001b0e0000] [id=3032]

VM state:not at safepoint (normal execution)

VM Mutex/Monitor currently owned by a thread: None

Heap:
 garbage-first heap   total 2064384K, used 755633K [0x0000000080000000, 0x00000000820001f8, 0x0000000100000000)
  region size 32768K, 10 young (327680K), 3 survivors (98304K)
 Metaspace       used 70678K, capacity 77716K, committed 77928K, reserved 1116160K
  class space    used 9822K, capacity 11607K, committed 11668K, reserved 1048576K

Heap Regions: (Y=young(eden), SU=young(survivor), HS=humongous(starts), HC=humongous(continues), CS=collection set, F=free, TS=gc time stamp, PTAMS=previous top-at-mark-start, NTAMS=next top-at-mark-start)
AC   0  O    TS     0 PTAMS 0x0000000082000000 NTAMS 0x0000000082000000 space 32768K, 100% used [0x0000000080000000, 0x0000000082000000)
AC   0  O    TS     0 PTAMS 0x0000000084000000 NTAMS 0x0000000084000000 space 32768K, 100% used [0x0000000082000000, 0x0000000084000000)
AC   0  O    TS     0 PTAMS 0x0000000086000000 NTAMS 0x0000000086000000 space 32768K, 100% used [0x0000000084000000, 0x0000000086000000)
AC   0  O    TS     0 PTAMS 0x0000000088000000 NTAMS 0x0000000088000000 space 32768K, 100% used [0x0000000086000000, 0x0000000088000000)
AC   0  O    TS     0 PTAMS 0x000000008a000000 NTAMS 0x000000008a000000 space 32768K, 100% used [0x0000000088000000, 0x000000008a000000)
AC   0  O    TS    13 PTAMS 0x000000008a000000 NTAMS 0x000000008a000000 space 32768K, 100% used [0x000000008a000000, 0x000000008c000000)
AC   0  O    TS    43 PTAMS 0x000000008c000000 NTAMS 0x000000008c000000 space 32768K,  72% used [0x000000008c000000, 0x000000008e000000)
AC   0  O    TS     0 PTAMS 0x0000000090000000 NTAMS 0x0000000090000000 space 32768K, 100% used [0x000000008e000000, 0x0000000090000000)
AC   0 HS    TS     0 PTAMS 0x0000000090000000 NTAMS 0x0000000090000000 space 32768K,  50% used [0x0000000090000000, 0x0000000092000000)
AC   0  O    TS     0 PTAMS 0x0000000094000000 NTAMS 0x0000000094000000 space 32768K, 100% used [0x0000000092000000, 0x0000000094000000)
AC   0  O    TS     0 PTAMS 0x0000000096000000 NTAMS 0x0000000096000000 space 32768K, 100% used [0x0000000094000000, 0x0000000096000000)
AC   0  O    TS     0 PTAMS 0x00000000977d9400 NTAMS 0x00000000977d9400 space 32768K, 100% used [0x0000000096000000, 0x0000000098000000)
AC   0  O    TS     3 PTAMS 0x0000000098000000 NTAMS 0x0000000098000000 space 32768K, 100% used [0x0000000098000000, 0x000000009a000000)
AC   0  O    TS     3 PTAMS 0x000000009a000000 NTAMS 0x000000009a000000 space 32768K, 100% used [0x000000009a000000, 0x000000009c000000)
AC   0  O    TS     5 PTAMS 0x000000009c000000 NTAMS 0x000000009c000000 space 32768K, 100% used [0x000000009c000000, 0x000000009e000000)
AC   0  F    TS     0 PTAMS 0x000000009e000000 NTAMS 0x000000009e000000 space 32768K,   0% used [0x000000009e000000, 0x00000000a0000000)
AC   0  F    TS     0 PTAMS 0x00000000a0000000 NTAMS 0x00000000a0000000 space 32768K,   0% used [0x00000000a0000000, 0x00000000a2000000)
AC   0  F    TS     0 PTAMS 0x00000000a2000000 NTAMS 0x00000000a2000000 space 32768K,   0% used [0x00000000a2000000, 0x00000000a4000000)
AC   0  F    TS     0 PTAMS 0x00000000a4000000 NTAMS 0x00000000a4000000 space 32768K,   0% used [0x00000000a4000000, 0x00000000a6000000)
AC   0  F    TS     0 PTAMS 0x00000000a6000000 NTAMS 0x00000000a6000000 space 32768K,   0% used [0x00000000a6000000, 0x00000000a8000000)
AC   0  F    TS     0 PTAMS 0x00000000a8000000 NTAMS 0x00000000a8000000 space 32768K,   0% used [0x00000000a8000000, 0x00000000aa000000)
AC   0  F    TS     0 PTAMS 0x00000000aa000000 NTAMS 0x00000000aa000000 space 32768K,   0% used [0x00000000aa000000, 0x00000000ac000000)
AC   0  F    TS     0 PTAMS 0x00000000ac000000 NTAMS 0x00000000ac000000 space 32768K,   0% used [0x00000000ac000000, 0x00000000ae000000)
AC   0  F    TS     0 PTAMS 0x00000000ae000000 NTAMS 0x00000000ae000000 space 32768K,   0% used [0x00000000ae000000, 0x00000000b0000000)
AC   0  F    TS    19 PTAMS 0x00000000b0000000 NTAMS 0x00000000b0000000 space 32768K,   0% used [0x00000000b0000000, 0x00000000b2000000)
AC   0  F    TS    31 PTAMS 0x00000000b2000000 NTAMS 0x00000000b2000000 space 32768K,   0% used [0x00000000b2000000, 0x00000000b4000000)
AC   0  F    TS    35 PTAMS 0x00000000b4000000 NTAMS 0x00000000b4000000 space 32768K,   0% used [0x00000000b4000000, 0x00000000b6000000)
AC   0  F    TS    39 PTAMS 0x00000000b6000000 NTAMS 0x00000000b6000000 space 32768K,   0% used [0x00000000b6000000, 0x00000000b8000000)
AC   0  F    TS    41 PTAMS 0x00000000b8000000 NTAMS 0x00000000b8000000 space 32768K,   0% used [0x00000000b8000000, 0x00000000ba000000)
AC   0  F    TS    41 PTAMS 0x00000000ba000000 NTAMS 0x00000000ba000000 space 32768K,   0% used [0x00000000ba000000, 0x00000000bc000000)
AC   0  F    TS    39 PTAMS 0x00000000bc000000 NTAMS 0x00000000bc000000 space 32768K,   0% used [0x00000000bc000000, 0x00000000be000000)
AC   0  F    TS    39 PTAMS 0x00000000be000000 NTAMS 0x00000000be000000 space 32768K,   0% used [0x00000000be000000, 0x00000000c0000000)
AC   0  F    TS    41 PTAMS 0x00000000c0000000 NTAMS 0x00000000c0000000 space 32768K,   0% used [0x00000000c0000000, 0x00000000c2000000)
AC   0  F    TS    41 PTAMS 0x00000000c2000000 NTAMS 0x00000000c2000000 space 32768K,   0% used [0x00000000c2000000, 0x00000000c4000000)
AC   0  F    TS     0 PTAMS 0x00000000c4000000 NTAMS 0x00000000c4000000 space 32768K,   0% used [0x00000000c4000000, 0x00000000c6000000)
AC   0  F    TS     0 PTAMS 0x00000000c6000000 NTAMS 0x00000000c6000000 space 32768K,   0% used [0x00000000c6000000, 0x00000000c8000000)
AC   0  F    TS     0 PTAMS 0x00000000c8000000 NTAMS 0x00000000c8000000 space 32768K,   0% used [0x00000000c8000000, 0x00000000ca000000)
AC   0  F    TS     0 PTAMS 0x00000000ca000000 NTAMS 0x00000000ca000000 space 32768K,   0% used [0x00000000ca000000, 0x00000000cc000000)
AC   0  F    TS     0 PTAMS 0x00000000cc000000 NTAMS 0x00000000cc000000 space 32768K,   0% used [0x00000000cc000000, 0x00000000ce000000)
AC   0  F    TS     0 PTAMS 0x00000000ce000000 NTAMS 0x00000000ce000000 space 32768K,   0% used [0x00000000ce000000, 0x00000000d0000000)
AC   0  S CS TS    43 PTAMS 0x00000000d0000000 NTAMS 0x00000000d0000000 space 32768K,  83% used [0x00000000d0000000, 0x00000000d2000000)
AC   0  S CS TS    43 PTAMS 0x00000000d2000000 NTAMS 0x00000000d2000000 space 32768K, 100% used [0x00000000d2000000, 0x00000000d4000000)
AC   0  S CS TS    43 PTAMS 0x00000000d4000000 NTAMS 0x00000000d4000000 space 32768K, 100% used [0x00000000d4000000, 0x00000000d6000000)
AC   0  F    TS     0 PTAMS 0x00000000d6000000 NTAMS 0x00000000d6000000 space 32768K,   0% used [0x00000000d6000000, 0x00000000d8000000)
AC   0  F    TS     0 PTAMS 0x00000000d8000000 NTAMS 0x00000000d8000000 space 32768K,   0% used [0x00000000d8000000, 0x00000000da000000)
AC   0  F    TS     0 PTAMS 0x00000000da000000 NTAMS 0x00000000da000000 space 32768K,   0% used [0x00000000da000000, 0x00000000dc000000)
AC   0  F    TS     0 PTAMS 0x00000000dc000000 NTAMS 0x00000000dc000000 space 32768K,   0% used [0x00000000dc000000, 0x00000000de000000)
AC   0  F    TS     0 PTAMS 0x00000000de000000 NTAMS 0x00000000de000000 space 32768K,   0% used [0x00000000de000000, 0x00000000e0000000)
AC   0  F    TS     0 PTAMS 0x00000000e0000000 NTAMS 0x00000000e0000000 space 32768K,   0% used [0x00000000e0000000, 0x00000000e2000000)
AC   0  F    TS     0 PTAMS 0x00000000e2000000 NTAMS 0x00000000e2000000 space 32768K,   0% used [0x00000000e2000000, 0x00000000e4000000)
AC   0  F    TS     0 PTAMS 0x00000000e4000000 NTAMS 0x00000000e4000000 space 32768K,   0% used [0x00000000e4000000, 0x00000000e6000000)
AC   0  F    TS     3 PTAMS 0x00000000e6000000 NTAMS 0x00000000e6000000 space 32768K,   0% used [0x00000000e6000000, 0x00000000e8000000)
AC   0  F    TS     0 PTAMS 0x00000000e8000000 NTAMS 0x00000000e8000000 space 32768K,   0% used [0x00000000e8000000, 0x00000000ea000000)
AC   0  F    TS     0 PTAMS 0x00000000ea000000 NTAMS 0x00000000ea000000 space 32768K,   0% used [0x00000000ea000000, 0x00000000ec000000)
AC   0  F    TS     0 PTAMS 0x00000000ec000000 NTAMS 0x00000000ec000000 space 32768K,   0% used [0x00000000ec000000, 0x00000000ee000000)
AC   0  F    TS     0 PTAMS 0x00000000ee000000 NTAMS 0x00000000ee000000 space 32768K,   0% used [0x00000000ee000000, 0x00000000f0000000)
AC   0  E    TS     0 PTAMS 0x00000000f0000000 NTAMS 0x00000000f0000000 space 32768K,  80% used [0x00000000f0000000, 0x00000000f2000000)
AC   0  E CS TS     0 PTAMS 0x00000000f2000000 NTAMS 0x00000000f2000000 space 32768K, 100% used [0x00000000f2000000, 0x00000000f4000000)
AC   0  E CS TS     0 PTAMS 0x00000000f4000000 NTAMS 0x00000000f4000000 space 32768K, 100% used [0x00000000f4000000, 0x00000000f6000000)
AC   0  E CS TS     0 PTAMS 0x00000000f6000000 NTAMS 0x00000000f6000000 space 32768K, 100% used [0x00000000f6000000, 0x00000000f8000000)
AC   0  E CS TS     0 PTAMS 0x00000000f8000000 NTAMS 0x00000000f8000000 space 32768K, 100% used [0x00000000f8000000, 0x00000000fa000000)
AC   0  E CS TS     0 PTAMS 0x00000000fa000000 NTAMS 0x00000000fa000000 space 32768K, 100% used [0x00000000fa000000, 0x00000000fc000000)
AC   0  E CS TS     0 PTAMS 0x00000000fc000000 NTAMS 0x00000000fc000000 space 32768K, 100% used [0x00000000fc000000, 0x00000000fe000000)

Card table byte_map: [0x00000000129a0000,0x0000000012da0000] byte_map_base: 0x00000000125a0000

Marking Bits (Prev, Next): (CMBitMap*) 0x00000000023e21e0, (CMBitMap*) 0x00000000023e2188
 Prev Bits: [0x00000000151a0000, 0x00000000171a0000)
 Next Bits: [0x00000000131a0000, 0x00000000151a0000)

Polling page: 0x0000000000460000

CodeCache: size=245760Kb used=27424Kb max_used=27689Kb free=218335Kb
 bounds [0x00000000024a0000, 0x0000000003ff0000, 0x00000000114a0000]
 total_blobs=11015 nmethods=9438 adapters=1487
 compilation: enabled

Compilation events (10 events):
Event: 41.618 Thread 0x0000000019bdb000 nmethod 12057 0x0000000003a6c010 code [0x0000000003a6c1a0, 0x0000000003a6c568]
Event: 41.618 Thread 0x0000000019bdb000 12058       1       net.optifine.expr.FunctionType::getPrecedence (5 bytes)
Event: 41.618 Thread 0x0000000019bdb000 nmethod 12058 0x000000000296aa10 code [0x000000000296ab60, 0x000000000296ac70]
Event: 41.618 Thread 0x0000000019bdb000 12059       3       net.optifine.shaders.config.MacroState::processMacro (506 bytes)
Event: 41.619 Thread 0x0000000019bdb000 nmethod 12059 0x0000000002961a90 code [0x0000000002961fe0, 0x00000000029651f8]
Event: 41.619 Thread 0x0000000019bdb000 12060       3       net.optifine.shaders.uniform.ShaderUniform1f::onProgramSet (59 bytes)
Event: 41.619 Thread 0x0000000019bdb000 nmethod 12060 0x0000000002723150 code [0x00000000027232e0, 0x00000000027236e8]
Event: 41.630 Thread 0x0000000019bd9800 12061       4       sun.nio.cs.SingleByte$Decoder::decodeArrayLoop (154 bytes)
Event: 41.631 Thread 0x0000000019bdb000 12062       3       java.util.regex.Pattern$CharProperty::match (56 bytes)
Event: 41.631 Thread 0x0000000019bdb000 nmethod 12062 0x00000000039e69d0 code [0x00000000039e6b80, 0x00000000039e7068]

GC Heap History (10 events):
Event: 34.519 GC heap before
{Heap before GC invocations=86 (full 0):
 garbage-first heap   total 2064384K, used 1579065K [0x0000000080000000, 0x00000000820001f8, 0x0000000100000000)
  region size 32768K, 35 young (1146880K), 2 survivors (65536K)
 Metaspace       used 67681K, capacity 74212K, committed 74344K, reserved 1112064K
  class space    used 9409K, capacity 11100K, committed 11156K, reserved 1048576K
Event: 34.549 GC heap after
Heap after GC invocations=87 (full 0):
 garbage-first heap   total 2064384K, used 506557K [0x0000000080000000, 0x00000000820001f8, 0x0000000100000000)
  region size 32768K, 2 young (65536K), 2 survivors (65536K)
 Metaspace       used 67681K, capacity 74212K, committed 74344K, reserved 1112064K
  class space    used 9409K, capacity 11100K, committed 11156K, reserved 1048576K
}
Event: 39.372 GC heap before
{Heap before GC invocations=87 (full 0):
 garbage-first heap   total 2064384K, used 1587901K [0x0000000080000000, 0x00000000820001f8, 0x0000000100000000)
  region size 32768K, 35 young (1146880K), 2 survivors (65536K)
 Metaspace       used 67684K, capacity 74212K, committed 74344K, reserved 1112064K
  class space    used 9409K, capacity 11100K, committed 11156K, reserved 1048576K
Event: 39.396 GC heap after
Heap after GC invocations=88 (full 0):
 garbage-first heap   total 2064384K, used 503351K [0x0000000080000000, 0x00000000820001f8, 0x0000000100000000)
  region size 32768K, 2 young (65536K), 2 survivors (65536K)
 Metaspace       used 67684K, capacity 74212K, committed 74344K, reserved 1112064K
  class space    used 9409K, capacity 11100K, committed 11156K, reserved 1048576K
}
Event: 39.981 GC heap before
{Heap before GC invocations=88 (full 0):
 garbage-first heap   total 2064384K, used 1519159K [0x0000000080000000, 0x00000000820001f8, 0x0000000100000000)
  region size 32768K, 33 young (1081344K), 2 survivors (65536K)
 Metaspace       used 69357K, capacity 76086K, committed 76136K, reserved 1114112K
  class space    used 9640K, capacity 11368K, committed 11412K, reserved 1048576K
Event: 40.020 GC heap after
Heap after GC invocations=89 (full 0):
 garbage-first heap   total 2064384K, used 531454K [0x0000000080000000, 0x00000000820001f8, 0x0000000100000000)
  region size 32768K, 3 young (98304K), 3 survivors (98304K)
 Metaspace       used 69357K, capacity 76086K, committed 76136K, reserved 1114112K
  class space    used 9640K, capacity 11368K, committed 11412K, reserved 1048576K
}
Event: 40.544 GC heap before
{Heap before GC invocations=89 (full 0):
 garbage-first heap   total 2064384K, used 1481726K [0x0000000080000000, 0x00000000820001f8, 0x0000000100000000)
  region size 32768K, 32 young (1048576K), 3 survivors (98304K)
 Metaspace       used 69441K, capacity 76202K, committed 76392K, reserved 1114112K
  class space    used 9650K, capacity 11374K, committed 11412K, reserved 1048576K
Event: 40.587 GC heap after
Heap after GC invocations=90 (full 0):
 garbage-first heap   total 2064384K, used 573649K [0x0000000080000000, 0x00000000820001f8, 0x0000000100000000)
  region size 32768K, 4 young (131072K), 4 survivors (131072K)
 Metaspace       used 69441K, capacity 76202K, committed 76392K, reserved 1114112K
  class space    used 9650K, capacity 11374K, committed 11412K, reserved 1048576K
}
Event: 41.123 GC heap before
{Heap before GC invocations=90 (full 0):
 garbage-first heap   total 2064384K, used 1229009K [0x0000000080000000, 0x00000000820001f8, 0x0000000100000000)
  region size 32768K, 24 young (786432K), 4 survivors (131072K)
 Metaspace       used 70605K, capacity 77650K, committed 77928K, reserved 1116160K
  class space    used 9819K, capacity 11606K, committed 11668K, reserved 1048576K
Event: 41.169 GC heap after
Heap after GC invocations=91 (full 0):
 garbage-first heap   total 2064384K, used 559025K [0x0000000080000000, 0x00000000820001f8, 0x0000000100000000)
  region size 32768K, 3 young (98304K), 3 survivors (98304K)
 Metaspace       used 70605K, capacity 77650K, committed 77928K, reserved 1116160K
  class space    used 9819K, capacity 11606K, committed 11668K, reserved 1048576K
}

Deoptimization events (10 events):
Event: 41.005 Thread 0x0000000020cff800 Uncommon trap: reason=speculate_class_check action=maybe_recompile pc=0x0000000003c39988 method=io.netty.buffer.AbstractByteBuf.readShort()S @ 10
Event: 41.033 Thread 0x000000000239e800 Uncommon trap: reason=bimorphic action=maybe_recompile pc=0x0000000003d9105c method=dde.a(Ldcr;Ldcw;IILdcw;IIIII)Z @ 20
Event: 41.050 Thread 0x0000000020cff800 Uncommon trap: reason=speculate_class_check action=maybe_recompile pc=0x0000000003c39988 method=io.netty.buffer.AbstractByteBuf.readShort()S @ 10
Event: 41.334 Thread 0x000000001ecbc000 Uncommon trap: reason=class_check action=maybe_recompile pc=0x000000000306c7dc method=com.mojang.datafixers.TypeRewriteRule$Seq.rewrite(Lcom/mojang/datafixers/types/Type;)Ljava/util/Optional; @ 9
Event: 41.334 Thread 0x000000001ecbc000 Uncommon trap: reason=class_check action=maybe_recompile pc=0x000000000306c7dc method=com.mojang.datafixers.TypeRewriteRule$Seq.rewrite(Lcom/mojang/datafixers/types/Type;)Ljava/util/Optional; @ 9
Event: 41.334 Thread 0x000000001ecbc000 Uncommon trap: reason=class_check action=maybe_recompile pc=0x000000000306c7dc method=com.mojang.datafixers.TypeRewriteRule$Seq.rewrite(Lcom/mojang/datafixers/types/Type;)Ljava/util/Optional; @ 9
Event: 41.334 Thread 0x000000001ecbc000 Uncommon trap: reason=class_check action=maybe_recompile pc=0x000000000306c7dc method=com.mojang.datafixers.TypeRewriteRule$Seq.rewrite(Lcom/mojang/datafixers/types/Type;)Ljava/util/Optional; @ 9
Event: 41.508 Thread 0x000000000239e800 Uncommon trap: reason=bimorphic action=maybe_recompile pc=0x00000000030cc08c method=java.util.regex.Pattern$5.isSatisfiedBy(I)Z @ 16
Event: 41.508 Thread 0x000000000239e800 Uncommon trap: reason=bimorphic action=maybe_recompile pc=0x00000000030cc08c method=java.util.regex.Pattern$5.isSatisfiedBy(I)Z @ 16
Event: 41.631 Thread 0x000000000239e800 Uncommon trap: reason=bimorphic action=maybe_recompile pc=0x00000000029b9770 method=java.util.regex.Pattern$5.isSatisfiedBy(I)Z @ 16

Internal exceptions (10 events):
Event: 39.424 Thread 0x000000000239e800 Exception <a 'java/lang/IncompatibleClassChangeError': Found class java.lang.Object, but interface was expected> (0x00000000fafb92a8) thrown at [C:\re\workspace\8-2-build-windows-amd64-cygwin\jdk8u51\3951\hotspot\src\share\vm\interpreter\linkResolver.cpp, T«*•g∂C@
Event: 39.425 Thread 0x000000000239e800 Exception <a 'java/lang/NoSuchMethodError': java.lang.Object.lambda$comparingByKey$6d558cbf$1(Ljava/util/Comparator;Ljava/util/Map$Entry;Ljava/util/Map$Entry;)I> (0x00000000fafc1530) thrown at [C:\re\workspace\8-2-build-windows-amd64-cygwin\jdk8u51\3951\ho±ﬂÎT—C@
Event: 39.635 Thread 0x000000000239e800 Exception <a 'java/lang/NoSuchMethodError': java.lang.Object.lambda$createMap$8(Ljava/util/Map$Entry;)Lcom/mojang/datafixers/util/Pair;> (0x00000000dc044720) thrown at [C:\re\workspace\8-2-build-windows-amd64-cygwin\jdk8u51\3951\hotspot\src\share\vm\interpO=“‡”C@
Event: 39.655 Thread 0x000000000239e800 Exception <a 'java/lang/NoSuchMethodError': java.lang.Object.b(Laqa;)Z> (0x00000000dba5f5c8) thrown at [C:\re\workspace\8-2-build-windows-amd64-cygwin\jdk8u51\3951\hotspot\src\share\vm\interpreter\linkResolver.cpp, line 582]
Event: 39.666 Thread 0x000000000239e800 Exception <a 'java/lang/NoSuchMethodError': java.lang.Object.a(Ldci;Laqa;Laqa;)Z> (0x00000000d9c3c900) thrown at [C:\re\workspace\8-2-build-windows-amd64-cygwin\jdk8u51\3951\hotspot\src\share\vm\interpreter\linkResolver.cpp, line 582]
Event: 39.731 Thread 0x000000000239e800 Exception <a 'java/lang/IncompatibleClassChangeError': Found class java.lang.Object, but interface was expected> (0x00000000d267acd0) thrown at [C:\re\workspace\8-2-build-windows-amd64-cygwin\jdk8u51\3951\hotspot\src\share\vm\interpreter\linkResolver.cpp, ‘õQÛU\D@
Event: 40.721 Thread 0x000000000239e800 Exception <a 'java/lang/NoSuchMethodError': java.lang.Object.a(Lob;ILafb;)Z> (0x00000000ee7db410) thrown at [C:\re\workspace\8-2-build-windows-amd64-cygwin\jdk8u51\3951\hotspot\src\share\vm\interpreter\linkResolver.cpp, line 582]
Event: 40.921 Thread 0x000000000239e800 Exception <a 'java/lang/NoSuchMethodError': java.lang.Object.a(Lbrf;Lfx;)Ldcj;> (0x00000000e000c9a8) thrown at [C:\re\workspace\8-2-build-windows-amd64-cygwin\jdk8u51\3951\hotspot\src\share\vm\interpreter\linkResolver.cpp, line 582]
Event: 40.921 Thread 0x000000000239e800 Exception <a 'java/lang/NoSuchMethodError': java.lang.Object.b(Lbrf;)Ldcj;> (0x00000000e000fe00) thrown at [C:\re\workspace\8-2-build-windows-amd64-cygwin\jdk8u51\3951\hotspot\src\share\vm\interpreter\linkResolver.cpp, line 582]
Event: 40.940 Thread 0x000000000239e800 Exception <a 'java/lang/NoSuchMethodError': java.lang.Object.a(Laqa;)Z> (0x00000000e0050048) thrown at [C:\re\workspace\8-2-build-windows-amd64-cygwin\jdk8u51\3951\hotspot\src\share\vm\interpreter\linkResolver.cpp, line 582]

Events (10 events):
Event: 41.526 Thread 0x000000000239e800 DEOPT UNPACKING pc=0x00000000024e787f sp=0x00000000022fd7e0 mode 0
Event: 41.527 Thread 0x000000000239e800 DEOPT PACKING pc=0x00000000037a8514 sp=0x00000000022fd240
Event: 41.527 Thread 0x000000000239e800 DEOPT UNPACKING pc=0x00000000024e787f sp=0x00000000022fd070 mode 0
Event: 41.566 loading class java/lang/Throwable$WrappedPrintStream
Event: 41.566 loading class java/lang/Throwable$WrappedPrintStream done
Event: 41.630 Thread 0x000000000239e800 DEOPT PACKING pc=0x000000000396af1e sp=0x00000000022fd5d0
Event: 41.630 Thread 0x000000000239e800 DEOPT UNPACKING pc=0x00000000024e787f sp=0x00000000022fd3d0 mode 0
Event: 41.631 Thread 0x000000000239e800 Uncommon trap: trap_request=0xffffffc6 fr.pc=0x00000000029b9770
Event: 41.631 Thread 0x000000000239e800 DEOPT PACKING pc=0x00000000029b9770 sp=0x00000000022fd640
Event: 41.631 Thread 0x000000000239e800 DEOPT UNPACKING pc=0x00000000024e582a sp=0x00000000022fd588 mode 2


Dynamic libraries:
0x00007ff7fab10000 - 0x00007ff7fab47000 	C:\Program Files (x86)\Minecraft Launcher\runtime\jre-legacy\windows-x64\jre-legacy\bin\javaw.exe
0x00007ffcf0bf0000 - 0x00007ffcf0de6000 	C:\WINDOWS\SYSTEM32\ntdll.dll
0x00007ffcc3340000 - 0x00007ffcc3352000 	C:\Program Files (x86)\AVG\Antivirus\aswhook.dll
0x00007ffcefe30000 - 0x00007ffcefeed000 	C:\WINDOWS\System32\KERNEL32.DLL
0x00007ffcee8f0000 - 0x00007ffceebb9000 	C:\WINDOWS\System32\KERNELBASE.dll
0x00007ffceef60000 - 0x00007ffcef00c000 	C:\WINDOWS\System32\ADVAPI32.dll
0x00007ffceeec0000 - 0x00007ffceef5e000 	C:\WINDOWS\System32\msvcrt.dll
0x00007ffcef010000 - 0x00007ffcef0ac000 	C:\WINDOWS\System32\sechost.dll
0x00007ffcef370000 - 0x00007ffcef49b000 	C:\WINDOWS\System32\RPCRT4.dll
0x00007ffcef900000 - 0x00007ffcefaa0000 	C:\WINDOWS\System32\USER32.dll
0x00007ffceec20000 - 0x00007ffceec42000 	C:\WINDOWS\System32\win32u.dll
0x00007ffceee90000 - 0x00007ffceeeba000 	C:\WINDOWS\System32\GDI32.dll
0x00007ffcee330000 - 0x00007ffcee43b000 	C:\WINDOWS\System32\gdi32full.dll
0x00007ffcee5c0000 - 0x00007ffcee65d000 	C:\WINDOWS\System32\msvcp_win.dll
0x00007ffcee4c0000 - 0x00007ffcee5c0000 	C:\WINDOWS\System32\ucrtbase.dll
0x00007ffcc93c0000 - 0x00007ffcc965b000 	C:\WINDOWS\WinSxS\amd64_microsoft.windows.common-controls_6595b64144ccf1df_6.0.19041.746_none_ca02b4b61b8320a4\COMCTL32.dll
0x00007ffceed80000 - 0x00007ffceedb0000 	C:\WINDOWS\System32\IMM32.DLL
0x000000005be00000 - 0x000000005bed2000 	C:\Program Files (x86)\Minecraft Launcher\runtime\jre-legacy\windows-x64\jre-legacy\bin\msvcr100.dll
0x000000005b570000 - 0x000000005bdf3000 	C:\Program Files (x86)\Minecraft Launcher\runtime\jre-legacy\windows-x64\jre-legacy\bin\server\jvm.dll
0x00007ffcf0ba0000 - 0x00007ffcf0ba8000 	C:\WINDOWS\System32\PSAPI.DLL
0x00007ffce6900000 - 0x00007ffce6927000 	C:\WINDOWS\SYSTEM32\WINMM.dll
0x00007ffce3cc0000 - 0x00007ffce3cc9000 	C:\WINDOWS\SYSTEM32\WSOCK32.dll
0x00007ffce8690000 - 0x00007ffce869a000 	C:\WINDOWS\SYSTEM32\VERSION.dll
0x00007ffceff50000 - 0x00007ffceffbb000 	C:\WINDOWS\System32\WS2_32.dll
0x000000005b560000 - 0x000000005b56f000 	C:\Program Files (x86)\Minecraft Launcher\runtime\jre-legacy\windows-x64\jre-legacy\bin\verify.dll
0x000000005b530000 - 0x000000005b559000 	C:\Program Files (x86)\Minecraft Launcher\runtime\jre-legacy\windows-x64\jre-legacy\bin\java.dll
0x000000005b510000 - 0x000000005b526000 	C:\Program Files (x86)\Minecraft Launcher\runtime\jre-legacy\windows-x64\jre-legacy\bin\zip.dll
0x00007ffceffc0000 - 0x00007ffcf0702000 	C:\WINDOWS\System32\SHELL32.dll
0x00007ffcec4a0000 - 0x00007ffcecc30000 	C:\WINDOWS\SYSTEM32\windows.storage.dll
0x00007ffcef4a0000 - 0x00007ffcef7f6000 	C:\WINDOWS\System32\combase.dll
0x00007ffcedd90000 - 0x00007ffceddbc000 	C:\WINDOWS\SYSTEM32\Wldp.dll
0x00007ffcef260000 - 0x00007ffcef30e000 	C:\WINDOWS\System32\SHCORE.dll
0x00007ffcef800000 - 0x00007ffcef855000 	C:\WINDOWS\System32\shlwapi.dll
0x00007ffcee260000 - 0x00007ffcee286000 	C:\WINDOWS\SYSTEM32\profapi.dll
0x000000005b500000 - 0x000000005b50d000 	C:\Program Files (x86)\Minecraft Launcher\runtime\jre-legacy\windows-x64\jre-legacy\bin\management.dll
0x000000005b4e0000 - 0x000000005b4fa000 	C:\Program Files (x86)\Minecraft Launcher\runtime\jre-legacy\windows-x64\jre-legacy\bin\net.dll
0x00007ffcedb10000 - 0x00007ffcedb7a000 	C:\WINDOWS\system32\mswsock.dll
0x00007ffcddb40000 - 0x00007ffcddb57000 	C:\WINDOWS\system32\napinsp.dll
0x00007ffcddb20000 - 0x00007ffcddb3b000 	C:\WINDOWS\system32\pnrpnsp.dll
0x00007ffcddf00000 - 0x00007ffcddf15000 	C:\WINDOWS\system32\wshbth.dll
0x00007ffce9e10000 - 0x00007ffce9e2d000 	C:\WINDOWS\system32\NLAapi.dll
0x00007ffced7b0000 - 0x00007ffced7eb000 	C:\WINDOWS\SYSTEM32\IPHLPAPI.DLL
0x00007ffced7f0000 - 0x00007ffced8bb000 	C:\WINDOWS\SYSTEM32\DNSAPI.dll
0x00007ffcef8f0000 - 0x00007ffcef8f8000 	C:\WINDOWS\System32\NSI.dll
0x00007ffcddee0000 - 0x00007ffcddef2000 	C:\WINDOWS\System32\winrnr.dll
0x00007ffce3480000 - 0x00007ffce348a000 	C:\Windows\System32\rasadhlp.dll
0x00007ffce3d30000 - 0x00007ffce3daf000 	C:\WINDOWS\System32\fwpuclnt.dll
0x00007ffcee8c0000 - 0x00007ffcee8e7000 	C:\WINDOWS\System32\bcrypt.dll
0x000000005b4c0000 - 0x000000005b4d1000 	C:\Program Files (x86)\Minecraft Launcher\runtime\jre-legacy\windows-x64\jre-legacy\bin\nio.dll
0x00007ffcedcf0000 - 0x00007ffcedd08000 	C:\WINDOWS\SYSTEM32\CRYPTSP.dll
0x00007ffced440000 - 0x00007ffced474000 	C:\WINDOWS\system32\rsaenh.dll
0x00007ffcee220000 - 0x00007ffcee24e000 	C:\WINDOWS\SYSTEM32\USERENV.dll
0x00007ffcee440000 - 0x00007ffcee4c0000 	C:\WINDOWS\System32\bcryptprimitives.dll
0x00007ffcedce0000 - 0x00007ffcedcec000 	C:\WINDOWS\SYSTEM32\CRYPTBASE.dll
0x000000005b490000 - 0x000000005b4b4000 	C:\Program Files (x86)\Minecraft Launcher\runtime\jre-legacy\windows-x64\jre-legacy\bin\sunec.dll
0x00007ffcd4990000 - 0x00007ffcd4a02000 	C:\Users\Kovac\AppData\Roaming\.minecraft\bin\a150-8270-3c10-0ea2\lwjgl.dll
0x00007ffcd4930000 - 0x00007ffcd498e000 	C:\Users\Kovac\AppData\Roaming\.minecraft\bin\a150-8270-3c10-0ea2\glfw.dll
0x00007ffcd3d90000 - 0x00007ffcd3fe1000 	C:\Users\Kovac\AppData\Roaming\.minecraft\bin\a150-8270-3c10-0ea2\jemalloc.dll
0x00007ffcebde0000 - 0x00007ffcebe7e000 	C:\WINDOWS\system32\uxtheme.dll
0x00007ffcd3d40000 - 0x00007ffcd3d85000 	C:\WINDOWS\SYSTEM32\dinput8.dll
0x00007ffcd50f0000 - 0x00007ffcd5101000 	C:\WINDOWS\SYSTEM32\xinput1_4.dll
0x00007ffcee870000 - 0x00007ffcee8be000 	C:\WINDOWS\System32\cfgmgr32.dll
0x00007ffcee0d0000 - 0x00007ffcee0fc000 	C:\WINDOWS\SYSTEM32\DEVOBJ.dll
0x00007ffcec190000 - 0x00007ffcec1bf000 	C:\WINDOWS\SYSTEM32\dwmapi.dll
0x00007ffcefab0000 - 0x00007ffcefbc5000 	C:\WINDOWS\System32\MSCTF.dll
0x00007ffceec50000 - 0x00007ffceed1d000 	C:\WINDOWS\System32\OLEAUT32.dll
0x00007ffcecc30000 - 0x00007ffcecc3d000 	C:\WINDOWS\SYSTEM32\HID.DLL
0x00007ffcf0710000 - 0x00007ffcf0b77000 	C:\WINDOWS\System32\SETUPAPI.DLL
0x00007ffcd69d0000 - 0x00007ffcd6b22000 	C:\WINDOWS\SYSTEM32\inputhost.dll
0x00007ffceb940000 - 0x00007ffceba32000 	C:\WINDOWS\SYSTEM32\CoreMessaging.dll
0x00007ffce9e30000 - 0x00007ffce9f27000 	C:\WINDOWS\SYSTEM32\PROPSYS.dll
0x00007ffcea910000 - 0x00007ffceaa64000 	C:\WINDOWS\SYSTEM32\wintypes.dll
0x00007ffceb5e0000 - 0x00007ffceb93e000 	C:\WINDOWS\SYSTEM32\CoreUIComponents.dll
0x00007ffced070000 - 0x00007ffced0a3000 	C:\WINDOWS\SYSTEM32\ntmarta.dll
0x00007ffcec1c0000 - 0x00007ffcec1d2000 	C:\WINDOWS\SYSTEM32\kernel.appcore.dll
0x00007ffceebc0000 - 0x00007ffceec20000 	C:\WINDOWS\System32\WINTRUST.dll
0x00007ffcee660000 - 0x00007ffcee7b6000 	C:\WINDOWS\System32\CRYPT32.dll
0x00007ffcedf10000 - 0x00007ffcedf22000 	C:\WINDOWS\SYSTEM32\MSASN1.dll
0x00007ffcb77e0000 - 0x00007ffcb7905000 	C:\WINDOWS\SYSTEM32\opengl32.dll
0x00007ffc94cb0000 - 0x00007ffc94cdc000 	C:\WINDOWS\SYSTEM32\GLU32.dll
0x00007ffcefbd0000 - 0x00007ffcefc79000 	C:\WINDOWS\System32\clbcatq.dll
0x00007ffc90520000 - 0x00007ffc9054a000 	C:\WINDOWS\System32\DriverStore\FileRepository\c0360470.inf_amd64_b06c374aee20d185\B360357\atig6pxx.dll
0x00007ffc8d830000 - 0x00007ffc90517000 	C:\WINDOWS\System32\DriverStore\FileRepository\c0360470.inf_amd64_b06c374aee20d185\B360357\atio6axx.dll
0x00007ffcefc80000 - 0x00007ffcefdaa000 	C:\WINDOWS\System32\ole32.dll
0x00007ffccf870000 - 0x00007ffccf894000 	C:\WINDOWS\SYSTEM32\dxva2.dll
0x00007ffc8d780000 - 0x00007ffc8d7bc000 	C:\WINDOWS\System32\DriverStore\FileRepository\c0360470.inf_amd64_b06c374aee20d185\B360357\atig6txx.dll
0x00007ffc94ab0000 - 0x00007ffc94c69000 	C:\WINDOWS\SYSTEM32\atiadlxx.dll
0x00007ffce6b10000 - 0x00007ffce6b4b000 	C:\WINDOWS\SYSTEM32\dxcore.dll
0x00007ffcd9d80000 - 0x00007ffcd9e7b000 	C:\WINDOWS\SYSTEM32\textinputframework.dll
0x00007ffcd3bf0000 - 0x00007ffcd3c48000 	C:\Users\Kovac\AppData\Roaming\.minecraft\bin\a150-8270-3c10-0ea2\lwjgl_opengl.dll
0x00007ffcd2340000 - 0x00007ffcd23bf000 	C:\Users\Kovac\AppData\Roaming\.minecraft\bin\a150-8270-3c10-0ea2\lwjgl_stb.dll
0x00007ffce8580000 - 0x00007ffce862e000 	C:\WINDOWS\SYSTEM32\mscms.dll
0x00007ffce8700000 - 0x00007ffce8711000 	C:\WINDOWS\SYSTEM32\ColorAdapterClient.dll
0x00007ffcd3ba0000 - 0x00007ffcd3be3000 	C:\WINDOWS\SYSTEM32\icm32.dll
0x00007ffcd22f0000 - 0x00007ffcd2332000 	C:\Users\Kovac\AppData\Local\Temp\jna-72687380\jna3234862701392314048.dll
0x00007ffcd50d0000 - 0x00007ffcd50ea000 	C:\Users\Kovac\AppData\Roaming\.minecraft\bin\a150-8270-3c10-0ea2\SAPIWrapper_x64.dll
0x00007ffcbc040000 - 0x00007ffcbc1c6000 	C:\WINDOWS\System32\Speech\Common\sapi.dll
0x00007ffcd4e60000 - 0x00007ffcd4e7e000 	C:\WINDOWS\SYSTEM32\MSACM32.dll
0x00007ffcebbb0000 - 0x00007ffcebbbb000 	C:\WINDOWS\SYSTEM32\msdmo.dll
0x00007ffcd8bd0000 - 0x00007ffcd8bf6000 	C:\WINDOWS\SYSTEM32\winmmbase.dll
0x00007ffce6640000 - 0x00007ffce66c5000 	C:\WINDOWS\System32\MMDevApi.dll
0x000000005b2f0000 - 0x000000005b488000 	C:\Program Files (x86)\Minecraft Launcher\runtime\jre-legacy\windows-x64\jre-legacy\bin\awt.dll
0x00007ffcebcb0000 - 0x00007ffcebd40000 	C:\WINDOWS\SYSTEM32\apphelp.dll
0x00007ffcbbd20000 - 0x00007ffcbbe34000 	C:\Users\Kovac\AppData\Roaming\.minecraft\bin\a150-8270-3c10-0ea2\OpenAL.dll
0x00007ffcd96f0000 - 0x00007ffcd9875000 	C:\WINDOWS\SYSTEM32\AUDIOSES.DLL
0x00007ffced920000 - 0x00007ffced96b000 	C:\WINDOWS\SYSTEM32\powrprof.dll
0x00007ffced790000 - 0x00007ffced7a2000 	C:\WINDOWS\SYSTEM32\UMPDC.dll
0x00007ffcebea0000 - 0x00007ffcebeb4000 	C:\WINDOWS\SYSTEM32\resourcepolicyclient.dll
0x00007ffce8a90000 - 0x00007ffce8aad000 	C:\WINDOWS\SYSTEM32\dhcpcsvc.DLL
0x00007ffce8800000 - 0x00007ffce8817000 	C:\WINDOWS\SYSTEM32\dhcpcsvc6.DLL
0x00007ffce72c0000 - 0x00007ffce74a4000 	C:\WINDOWS\SYSTEM32\dbghelp.dll

VM Arguments:
jvm_args: -XX:HeapDumpPath=MojangTricksIntelDriversForPerformance_javaw.exe_minecraft.exe.heapdump -Dos.name=Windows 10 -Dos.version=10.0 -Xss1M -Djava.library.path=C:\Users\Kovac\AppData\Roaming\.minecraft\bin\a150-8270-3c10-0ea2 -Dminecraft.launcher.brand=minecraft-launcher -Dminecraft.launcher.version=2.2.1862 -Xmx2G -XX:+UnlockExperimentalVMOptions -XX:+UseG1GC -XX:G1NewSizePercent=20 -XX:G1ReservePercent=20 -XX:MaxGCPauseMillis=50 -XX:G1HeapRegionSize=32M -Dlog4j.configurationFile=C:\Users\Kovac\AppData\Roaming\.minecraft\assets\log_configs\client-1.12.xml 
java_command: net.minecraft.launchwrapper.Launch --username Seraphixium --version 1.16.5-OptiFine_HD_U_G7 --gameDir C:\Users\Kovac\AppData\Roaming\.minecraft --assetsDir C:\Users\Kovac\AppData\Roaming\.minecraft\assets --assetIndex 1.16 --uuid a1a17b83dffc45888714df38322ee1f9 --accessToken eyJhbGciOiJIUzI1NiJ9.eyJzdWIiOiIwY2JjY2ZiZWM5MTBkOTI2Yjk1MTY3NDA4Y2FkZGI0MiIsInlnZ3QiOiI1MjRiOGI0ZTFkNGU0YjkzOTk2OGJmYzU4ODU5YmJhNyIsInNwciI6ImExYTE3YjgzZGZmYzQ1ODg4NzE0ZGYzODMyMmVlMWY5IiwiaXNzIjoiWWdnZHJhc2lsLUF1dGgiLCJleHAiOjE2MTQ5NzcwNDIsImlhdCI6MTYxNDgwNDI0Mn0.oVr9MTuaipV0AjXmfXLvPKbjOpAxxIPnYan5K93YVj0 --userType mojang --versionType release --tweakClass optifine.OptiFineTweaker
java_class_path (initial): C:\Users\Kovac\AppData\Roaming\.minecraft\libraries\optifine\OptiFine\1.16.5_HD_U_G7\OptiFine-1.16.5_HD_U_G7.jar;C:\Users\Kovac\AppData\Roaming\.minecraft\libraries\optifine\launchwrapper-of\2.2\launchwrapper-of-2.2.jar;C:\Users\Kovac\AppData\Roaming\.minecraft\libraries\com\mojang\patchy\1.1\patchy-1.1.jar;C:\Users\Kovac\AppData\Roaming\.minecraft\libraries\oshi-project\oshi-core\1.1\oshi-core-1.1.jar;C:\Users\Kovac\AppData\Roaming\.minecraft\libraries\net\java\dev\jna\jna\4.4.0\jna-4.4.0.jar;C:\Users\Kovac\AppData\Roaming\.minecraft\libraries\net\java\dev\jna\platform\3.4.0\platform-3.4.0.jar;C:\Users\Kovac\AppData\Roaming\.minecraft\libraries\com\ibm\icu\icu4j\66.1\icu4j-66.1.jar;C:\Users\Kovac\AppData\Roaming\.minecraft\libraries\com\mojang\javabridge\1.0.22\javabridge-1.0.22.jar;C:\Users\Kovac\AppData\Roaming\.minecraft\libraries\net\sf\jopt-simple\jopt-simple\5.0.3\jopt-simple-5.0.3.jar;C:\Users\Kovac\AppData\Roaming\.minecraft\libraries\io\netty\netty-all\4.1.25.Final\netty-all-4.1.25.Final.jar;C:\Users\Kovac\AppData\Roaming\.minecraft\libraries\com\google\guava\guava\21.0\guava-21.0.jar;C:\Users\Kovac\AppData\Roaming\.minecraft\libraries\org\apache\commons\commons-lang3\3.5\commons-lang3-3.5.jar;C:\Users\Kovac\AppData\Roaming\.minecraft\libraries\commons-io\commons-io\2.5\commons-io-2.5.jar;C:\Users\Kovac\AppData\Roaming\.minecraft\libraries\commons-codec\commons-codec\1.10\commons-codec-1.10.jar;C:\Users\Kovac\AppData\Roaming\.minecraft\libraries\net\java\jinput\jinput\2.0.5\jinput-2.0.5.jar;C:\Users\Kovac\AppData\Roaming\.minecraft\libraries\net\java\jutils\jutils\1.0.0\jutils-1.0.0.jar;C:\Users\Kovac\AppData\Roaming\.minecraft\libraries\com\mojang\brigadier\1.0.17\brigadier-1.0.17.jar;C:\Users\Kovac\AppData\Roaming\.minecraft\libraries\com\mojang\datafixerupper\4.0.26\datafixerupper-4.0.26.jar;C:\Users\Kovac\AppData\Roaming\.minecraft\libraries\com\google\code\gson\gson\2.8.0\gson-2.8.0.jar;C:\Users\Kovac\AppData\Roaming\.mine
Launcher Type: SUN_STANDARD

Environment Variables:
PATH=C:\Program Files (x86)\Common Files\Oracle\Java\javapath;C:\Program Files (x86)\NVIDIA Corporation\PhysX\Common;C:\ProgramData\Oracle\Java\javapath;C:\Program Files (x86)\Intel\iCLS Client\;C:\Program Files\Intel\iCLS Client\;C:\WINDOWS\system32;C:\WINDOWS;C:\WINDOWS\System32\Wbem;C:\WINDOWS\System32\WindowsPowerShell\v1.0\;C:\Program Files (x86)\Intel\Intel(R) Management Engine Components\DAL;C:\Program Files\Intel\Intel(R) Management Engine Components\DAL;C:\Program Files (x86)\Intel\Intel(R) Management Engine Components\IPT;C:\Program Files\Intel\Intel(R) Management Engine Components\IPT;C:\WINDOWS\System32\OpenSSH\;D:\Downloads\WorldPainter;C:\Users\Kovac\AppData\Local\Microsoft\WindowsApps;
USERNAME=Kovac
OS=Windows_NT
PROCESSOR_IDENTIFIER=Intel64 Family 6 Model 158 Stepping 9, GenuineIntel



---------------  S Y S T E M  ---------------

OS: Windows 10.0 , 64 bit Build 19041 (10.0.19041.804)

CPU:total 4 (4 cores per cpu, 1 threads per core) family 6 model 158 stepping 9, cmov, cx8, fxsr, mmx, sse, sse2, sse3, ssse3, sse4.1, sse4.2, popcnt, avx, avx2, aes, clmul, erms, rtm, 3dnowpref, lzcnt, tsc, tscinvbit, bmi1, bmi2, adx

Memory: 4k page, physical 8321944k(2101912k free), swap 18283416k(7110784k free)

vm_info: Java HotSpot(TM) 64-Bit Server VM (25.51-b03) for windows-amd64 JRE (1.8.0_51-b16), built on Jun  8 2015 18:03:07 by "java_re" with MS VC++ 10.0 (VS2010)

time: Wed Mar 03 21:43:23 2021
elapsed time: 41 seconds (0d 0h 0m 41s)

